2019-11-13 08:40:38.500+0000 WARN [o.n.i.p.PageCache] The dbms.memory.pagecache.size setting has not been configured. It is recommended that this setting is always explicitly configured, to ensure the system has a balanced configuration. Until then, a computed heuristic value of 6623889408 bytes will be used instead. Run `neo4j-admin memrec` for memory configuration suggestions.
2019-11-13 08:40:38.748+0000 INFO [o.n.k.i.f.CommunityEditionModule] No locking implementation specified, defaulting to 'community'
2019-11-13 08:40:38.920+0000 INFO [o.n.k.AvailabilityGuard] Requirement makes database unavailable: Database available
2019-11-13 08:40:38.947+0000 INFO [o.n.k.i.DiagnosticsManager] --- INITIALIZED diagnostics START ---
2019-11-13 08:40:38.947+0000 INFO [o.n.k.i.DiagnosticsManager] Neo4j Kernel properties:
2019-11-13 08:40:38.947+0000 INFO [o.n.k.i.DiagnosticsManager] unsupported.dbms.directories.neo4j_home=D:\Java\testgitJava\nomysqlback\autobackLast\.\neo4j\data
2019-11-13 08:40:38.947+0000 INFO [o.n.k.i.DiagnosticsManager] unsupported.dbms.edition=community
2019-11-13 08:40:38.947+0000 INFO [o.n.k.i.DiagnosticsManager] unsupported.dbms.ephemeral=false
2019-11-13 08:40:38.947+0000 INFO [o.n.k.i.DiagnosticsManager] Diagnostics providers:
2019-11-13 08:40:38.948+0000 INFO [o.n.k.i.DiagnosticsManager] org.neo4j.kernel.configuration.Config
2019-11-13 08:40:38.948+0000 INFO [o.n.k.i.DiagnosticsManager] org.neo4j.kernel.info.DiagnosticsManager
2019-11-13 08:40:38.948+0000 INFO [o.n.k.i.DiagnosticsManager] SYSTEM_MEMORY
2019-11-13 08:40:38.948+0000 INFO [o.n.k.i.DiagnosticsManager] JAVA_MEMORY
2019-11-13 08:40:38.948+0000 INFO [o.n.k.i.DiagnosticsManager] OPERATING_SYSTEM
2019-11-13 08:40:38.948+0000 INFO [o.n.k.i.DiagnosticsManager] JAVA_VIRTUAL_MACHINE
2019-11-13 08:40:38.948+0000 INFO [o.n.k.i.DiagnosticsManager] CLASSPATH
2019-11-13 08:40:38.948+0000 INFO [o.n.k.i.DiagnosticsManager] LIBRARY_PATH
2019-11-13 08:40:38.948+0000 INFO [o.n.k.i.DiagnosticsManager] SYSTEM_PROPERTIES
2019-11-13 08:40:38.948+0000 INFO [o.n.k.i.DiagnosticsManager] NETWORK
2019-11-13 08:40:38.948+0000 INFO [o.n.k.i.DiagnosticsManager] System memory information:
2019-11-13 08:40:38.951+0000 INFO [o.n.k.i.DiagnosticsManager] Total Physical memory: 15.86 GB
2019-11-13 08:40:38.951+0000 INFO [o.n.k.i.DiagnosticsManager] Free Physical memory: 6.23 GB
2019-11-13 08:40:38.951+0000 INFO [o.n.k.i.DiagnosticsManager] Committed virtual memory: 1.64 GB
2019-11-13 08:40:38.952+0000 INFO [o.n.k.i.DiagnosticsManager] Total swap space: 31.73 GB
2019-11-13 08:40:38.952+0000 INFO [o.n.k.i.DiagnosticsManager] Free swap space: 19.74 GB
2019-11-13 08:40:38.952+0000 INFO [o.n.k.i.DiagnosticsManager] JVM memory information:
2019-11-13 08:40:38.952+0000 INFO [o.n.k.i.DiagnosticsManager] Free  memory: 1.02 GB
2019-11-13 08:40:38.952+0000 INFO [o.n.k.i.DiagnosticsManager] Total memory: 1.19 GB
2019-11-13 08:40:38.952+0000 INFO [o.n.k.i.DiagnosticsManager] Max   memory: 3.53 GB
2019-11-13 08:40:38.952+0000 INFO [o.n.k.i.DiagnosticsManager] Garbage Collector: PS Scavenge: [PS Eden Space, PS Survivor Space]
2019-11-13 08:40:38.953+0000 INFO [o.n.k.i.DiagnosticsManager] Garbage Collector: PS MarkSweep: [PS Eden Space, PS Survivor Space, PS Old Gen]
2019-11-13 08:40:38.953+0000 INFO [o.n.k.i.DiagnosticsManager] Memory Pool: Code Cache (Non-heap memory): committed=24.94 MB, used=24.82 MB, max=240.00 MB, threshold=0.00 B
2019-11-13 08:40:38.953+0000 INFO [o.n.k.i.DiagnosticsManager] Memory Pool: Metaspace (Non-heap memory): committed=61.40 MB, used=59.96 MB, max=-1.00 B, threshold=0.00 B
2019-11-13 08:40:38.953+0000 INFO [o.n.k.i.DiagnosticsManager] Memory Pool: Compressed Class Space (Non-heap memory): committed=7.90 MB, used=7.60 MB, max=1.00 GB, threshold=0.00 B
2019-11-13 08:40:38.953+0000 INFO [o.n.k.i.DiagnosticsManager] Memory Pool: PS Eden Space (Heap memory): committed=980.50 MB, used=111.02 MB, max=1.28 GB, threshold=?
2019-11-13 08:40:38.953+0000 INFO [o.n.k.i.DiagnosticsManager] Memory Pool: PS Survivor Space (Heap memory): committed=16.50 MB, used=0.00 B, max=16.50 MB, threshold=?
2019-11-13 08:40:38.954+0000 INFO [o.n.k.i.DiagnosticsManager] Memory Pool: PS Old Gen (Heap memory): committed=224.50 MB, used=62.96 MB, max=2.64 GB, threshold=0.00 B
2019-11-13 08:40:38.954+0000 INFO [o.n.k.i.DiagnosticsManager] Operating system information:
2019-11-13 08:40:38.954+0000 INFO [o.n.k.i.DiagnosticsManager] Operating System: Windows 7; version: 6.1; arch: amd64; cpus: 4
2019-11-13 08:40:38.955+0000 INFO [o.n.k.i.DiagnosticsManager] Process id: 16180@USER-20170320RG
2019-11-13 08:40:38.955+0000 INFO [o.n.k.i.DiagnosticsManager] Byte order: LITTLE_ENDIAN
2019-11-13 08:40:38.955+0000 INFO [o.n.k.i.DiagnosticsManager] Local timezone: Asia/Shanghai
2019-11-13 08:40:38.956+0000 INFO [o.n.k.i.DiagnosticsManager] JVM information:
2019-11-13 08:40:38.956+0000 INFO [o.n.k.i.DiagnosticsManager] VM Name: Java HotSpot(TM) 64-Bit Server VM
2019-11-13 08:40:38.956+0000 INFO [o.n.k.i.DiagnosticsManager] VM Vendor: Oracle Corporation
2019-11-13 08:40:38.956+0000 INFO [o.n.k.i.DiagnosticsManager] VM Version: 25.101-b13
2019-11-13 08:40:38.956+0000 INFO [o.n.k.i.DiagnosticsManager] JIT compiler: HotSpot 64-Bit Tiered Compilers
2019-11-13 08:40:38.956+0000 INFO [o.n.k.i.DiagnosticsManager] VM Arguments: [-agentlib:jdwp=transport=dt_socket,address=127.0.0.1:17810,suspend=y,server=n, -javaagent:C:\Users\Administrator\.IntelliJIdea2016.3\system\groovyHotSwap\gragent.jar, -Dfile.encoding=UTF-8]
2019-11-13 08:40:38.956+0000 INFO [o.n.k.i.DiagnosticsManager] Java classpath:
2019-11-13 08:40:38.958+0000 INFO [o.n.k.i.DiagnosticsManager]  [bootstrap] C:\Program Files\Java\jdk1.8.0_101\jre\lib\rt.jar
2019-11-13 08:40:38.958+0000 INFO [o.n.k.i.DiagnosticsManager]  [bootstrap] C:\Program Files\Java\jdk1.8.0_101\jre\lib\jsse.jar
2019-11-13 08:40:38.958+0000 INFO [o.n.k.i.DiagnosticsManager]  [bootstrap] C:\Program Files\Java\jdk1.8.0_101\jre\lib\jfr.jar
2019-11-13 08:40:38.958+0000 INFO [o.n.k.i.DiagnosticsManager]  [bootstrap] C:\Program Files\Java\jdk1.8.0_101\jre\lib\charsets.jar
2019-11-13 08:40:38.958+0000 INFO [o.n.k.i.DiagnosticsManager]  [classpath + loader.0] file:/C:/Users/Administrator/.IntelliJIdea2016.3/system/groovyHotSwap/gragent.jar
2019-11-13 08:40:38.958+0000 INFO [o.n.k.i.DiagnosticsManager]  [loader.1] file:/C:/Program%20Files/Java/jdk1.8.0_101/jre/lib/ext/sunmscapi.jar
2019-11-13 08:40:38.959+0000 INFO [o.n.k.i.DiagnosticsManager]  [loader.1] file:/C:/Program%20Files/Java/jdk1.8.0_101/jre/lib/ext/sunpkcs11.jar
2019-11-13 08:40:38.959+0000 INFO [o.n.k.i.DiagnosticsManager]  [loader.1] file:/C:/Program%20Files/Java/jdk1.8.0_101/jre/lib/ext/sunec.jar
2019-11-13 08:40:38.959+0000 INFO [o.n.k.i.DiagnosticsManager]  [loader.1] file:/C:/Program%20Files/Java/jdk1.8.0_101/jre/lib/ext/jaccess.jar
2019-11-13 08:40:38.959+0000 INFO [o.n.k.i.DiagnosticsManager]  [loader.1] file:/C:/Program%20Files/Java/jdk1.8.0_101/jre/lib/ext/dnsns.jar
2019-11-13 08:40:38.959+0000 INFO [o.n.k.i.DiagnosticsManager]  [bootstrap] C:\Program Files\Java\jdk1.8.0_101\jre\lib\sunrsasign.jar
2019-11-13 08:40:38.959+0000 INFO [o.n.k.i.DiagnosticsManager]  [bootstrap] C:\Program Files\Java\jdk1.8.0_101\jre\lib\jce.jar
2019-11-13 08:40:38.959+0000 INFO [o.n.k.i.DiagnosticsManager]  [loader.1] file:/C:/Program%20Files/Java/jdk1.8.0_101/jre/lib/ext/jfxrt.jar
2019-11-13 08:40:38.959+0000 INFO [o.n.k.i.DiagnosticsManager]  [loader.1] file:/C:/Program%20Files/Java/jdk1.8.0_101/jre/lib/ext/zipfs.jar
2019-11-13 08:40:38.959+0000 INFO [o.n.k.i.DiagnosticsManager]  [loader.1] file:/C:/Program%20Files/Java/jdk1.8.0_101/jre/lib/ext/cldrdata.jar
2019-11-13 08:40:38.959+0000 INFO [o.n.k.i.DiagnosticsManager]  [loader.1] file:/C:/Program%20Files/Java/jdk1.8.0_101/jre/lib/ext/sunjce_provider.jar
2019-11-13 08:40:38.959+0000 INFO [o.n.k.i.DiagnosticsManager]  [bootstrap] C:\Program Files\Java\jdk1.8.0_101\jre\classes
2019-11-13 08:40:38.959+0000 INFO [o.n.k.i.DiagnosticsManager]  [loader.1] file:/C:/Program%20Files/Java/jdk1.8.0_101/jre/lib/ext/localedata.jar
2019-11-13 08:40:38.959+0000 INFO [o.n.k.i.DiagnosticsManager]  [loader.1] file:/C:/Program%20Files/Java/jdk1.8.0_101/jre/lib/ext/nashorn.jar
2019-11-13 08:40:38.959+0000 INFO [o.n.k.i.DiagnosticsManager]  [loader.1] file:/C:/Program%20Files/Java/jdk1.8.0_101/jre/lib/ext/access-bridge-64.jar
2019-11-13 08:40:38.959+0000 INFO [o.n.k.i.DiagnosticsManager]  [bootstrap] C:\Program Files\Java\jdk1.8.0_101\jre\lib\resources.jar
2019-11-13 08:40:38.959+0000 INFO [o.n.k.i.DiagnosticsManager]  [classpath + loader.0] file:/C:/Users/Administrator/AppData/Local/Temp/classpath.jar
2019-11-13 08:40:38.959+0000 INFO [o.n.k.i.DiagnosticsManager] Library path:
2019-11-13 08:40:38.960+0000 INFO [o.n.k.i.DiagnosticsManager] C:\Program Files\Java\jdk1.8.0_101\bin
2019-11-13 08:40:38.960+0000 INFO [o.n.k.i.DiagnosticsManager] C:\Windows\Sun\Java\bin
2019-11-13 08:40:38.960+0000 INFO [o.n.k.i.DiagnosticsManager] C:\Windows\System32
2019-11-13 08:40:38.960+0000 INFO [o.n.k.i.DiagnosticsManager] C:\Windows
2019-11-13 08:40:38.961+0000 INFO [o.n.k.i.DiagnosticsManager] C:\ProgramData\Oracle\Java\javapath
2019-11-13 08:40:38.961+0000 INFO [o.n.k.i.DiagnosticsManager] C:\Program Files (x86)\Python\Scripts
2019-11-13 08:40:38.961+0000 INFO [o.n.k.i.DiagnosticsManager] C:\Program Files (x86)\Python
2019-11-13 08:40:38.961+0000 INFO [o.n.k.i.DiagnosticsManager] C:\Windows\System32
2019-11-13 08:40:38.961+0000 INFO [o.n.k.i.DiagnosticsManager] C:\Windows
2019-11-13 08:40:38.962+0000 INFO [o.n.k.i.DiagnosticsManager] C:\Windows\System32\wbem
2019-11-13 08:40:38.962+0000 INFO [o.n.k.i.DiagnosticsManager] C:\Windows\System32\WindowsPowerShell\v1.0
2019-11-13 08:40:38.962+0000 INFO [o.n.k.i.DiagnosticsManager] C:\Program Files (x86)\Microsoft SQL Server\100\Tools\Binn
2019-11-13 08:40:38.962+0000 INFO [o.n.k.i.DiagnosticsManager] C:\Program Files\Microsoft SQL Server\100\Tools\Binn
2019-11-13 08:40:38.963+0000 INFO [o.n.k.i.DiagnosticsManager] C:\Program Files\Microsoft SQL Server\100\DTS\Binn
2019-11-13 08:40:38.963+0000 INFO [o.n.k.i.DiagnosticsManager] C:\Program Files\Microsoft\Web Platform Installer
2019-11-13 08:40:38.963+0000 INFO [o.n.k.i.DiagnosticsManager] C:\Program Files (x86)\Microsoft ASP.NET\ASP.NET Web Pages\v1.0
2019-11-13 08:40:38.964+0000 INFO [o.n.k.i.DiagnosticsManager] C:\Program Files\Microsoft SQL Server\110\Tools\Binn
2019-11-13 08:40:38.964+0000 INFO [o.n.k.i.DiagnosticsManager] C:\Program Files (x86)\Microsoft SQL Server\100\Tools\Binn\VSShell\Common7\IDE
2019-11-13 08:40:38.964+0000 INFO [o.n.k.i.DiagnosticsManager] C:\Program Files (x86)\Microsoft Visual Studio 9.0\Common7\IDE\PrivateAssemblies
2019-11-13 08:40:38.965+0000 INFO [o.n.k.i.DiagnosticsManager] C:\Program Files (x86)\Microsoft SQL Server\100\DTS\Binn
2019-11-13 08:40:38.965+0000 INFO [o.n.k.i.DiagnosticsManager] C:\Python27
2019-11-13 08:40:38.965+0000 INFO [o.n.k.i.DiagnosticsManager] C:\Python27\Scripts
2019-11-13 08:40:38.965+0000 INFO [o.n.k.i.DiagnosticsManager] C:\Program Files (x86)\Mozilla Firefox
2019-11-13 08:40:38.965+0000 INFO [o.n.k.i.DiagnosticsManager] C:\Program Files\Java\jdk1.8.0_101\bin
2019-11-13 08:40:38.966+0000 INFO [o.n.k.i.DiagnosticsManager] C:\Program Files\Java\jdk1.8.0_101\jre\bin
2019-11-13 08:40:38.966+0000 INFO [o.n.k.i.DiagnosticsManager] D:\apache-maven-3.2.5\bin
2019-11-13 08:40:38.966+0000 INFO [o.n.k.i.DiagnosticsManager] D:\gradle-3.3\bin
2019-11-13 08:40:38.966+0000 INFO [o.n.k.i.DiagnosticsManager] C:\Program Files\Git\cmd
2019-11-13 08:40:38.967+0000 INFO [o.n.k.i.DiagnosticsManager] D:\我的工作\软件\zookeeper-3.5.1-alpha\zookeeper-3.5.1-alpha\bin
2019-11-13 08:40:38.967+0000 INFO [o.n.k.i.DiagnosticsManager] C:\Program Files\dotnet
2019-11-13 08:40:38.967+0000 INFO [o.n.k.i.DiagnosticsManager] C:\Program Files\Microsoft SQL Server\130\Tools\Binn
2019-11-13 08:40:38.967+0000 INFO [o.n.k.i.DiagnosticsManager] C:\Program Files (x86)\GtkSharp\2.12\bin
2019-11-13 08:40:38.968+0000 INFO [o.n.k.i.DiagnosticsManager] C:\Program Files\nodejs
2019-11-13 08:40:38.968+0000 INFO [o.n.k.i.DiagnosticsManager] C:\Program Files (x86)\Microsoft VS Code\bin
2019-11-13 08:40:38.968+0000 INFO [o.n.k.i.DiagnosticsManager] C:\Users\Administrator\AppData\Roaming\npm
2019-11-13 08:40:38.968+0000 INFO [o.n.k.i.DiagnosticsManager] D:\Java\testgitJava\nomysqlback\autobackLast
2019-11-13 08:40:38.968+0000 INFO [o.n.k.i.DiagnosticsManager] System.properties:
2019-11-13 08:40:38.969+0000 INFO [o.n.k.i.DiagnosticsManager] sun.boot.library.path = C:\Program Files\Java\jdk1.8.0_101\jre\bin
2019-11-13 08:40:38.969+0000 INFO [o.n.k.i.DiagnosticsManager] path.separator = ;
2019-11-13 08:40:38.969+0000 INFO [o.n.k.i.DiagnosticsManager] file.encoding.pkg = sun.io
2019-11-13 08:40:38.969+0000 INFO [o.n.k.i.DiagnosticsManager] user.country = CN
2019-11-13 08:40:38.969+0000 INFO [o.n.k.i.DiagnosticsManager] user.script = 
2019-11-13 08:40:38.969+0000 INFO [o.n.k.i.DiagnosticsManager] sun.java.launcher = SUN_STANDARD
2019-11-13 08:40:38.969+0000 INFO [o.n.k.i.DiagnosticsManager] sun.os.patch.level = Service Pack 1
2019-11-13 08:40:38.969+0000 INFO [o.n.k.i.DiagnosticsManager] PID = 16180
2019-11-13 08:40:38.969+0000 INFO [o.n.k.i.DiagnosticsManager] user.dir = D:\Java\testgitJava\nomysqlback\autobackLast
2019-11-13 08:40:38.969+0000 INFO [o.n.k.i.DiagnosticsManager] org.jboss.logging.provider = slf4j
2019-11-13 08:40:38.969+0000 INFO [o.n.k.i.DiagnosticsManager] user.variant = 
2019-11-13 08:40:38.969+0000 INFO [o.n.k.i.DiagnosticsManager] sun.jnu.encoding = GBK
2019-11-13 08:40:38.969+0000 INFO [o.n.k.i.DiagnosticsManager] spring.beaninfo.ignore = true
2019-11-13 08:40:38.969+0000 INFO [o.n.k.i.DiagnosticsManager] sun.management.compiler = HotSpot 64-Bit Tiered Compilers
2019-11-13 08:40:38.969+0000 INFO [o.n.k.i.DiagnosticsManager] user.home = C:\Users\Administrator
2019-11-13 08:40:38.969+0000 INFO [o.n.k.i.DiagnosticsManager] catalina.useNaming = false
2019-11-13 08:40:38.969+0000 INFO [o.n.k.i.DiagnosticsManager] user.timezone = Asia/Shanghai
2019-11-13 08:40:38.969+0000 INFO [o.n.k.i.DiagnosticsManager] file.encoding = UTF-8
2019-11-13 08:40:38.969+0000 INFO [o.n.k.i.DiagnosticsManager] catalina.home = C:\Users\Administrator\AppData\Local\Temp\tomcat.7365689370537683926.8989
2019-11-13 08:40:38.969+0000 INFO [o.n.k.i.DiagnosticsManager] user.name = Administrator
2019-11-13 08:40:38.969+0000 INFO [o.n.k.i.DiagnosticsManager] sun.java.command = com.doc.StartMain
2019-11-13 08:40:38.969+0000 INFO [o.n.k.i.DiagnosticsManager] sun.arch.data.model = 64
2019-11-13 08:40:38.969+0000 INFO [o.n.k.i.DiagnosticsManager] user.language = zh
2019-11-13 08:40:38.970+0000 INFO [o.n.k.i.DiagnosticsManager] awt.toolkit = sun.awt.windows.WToolkit
2019-11-13 08:40:38.970+0000 INFO [o.n.k.i.DiagnosticsManager] catalina.base = C:\Users\Administrator\AppData\Local\Temp\tomcat.7365689370537683926.8989
2019-11-13 08:40:38.970+0000 INFO [o.n.k.i.DiagnosticsManager] file.separator = \
2019-11-13 08:40:38.970+0000 INFO [o.n.k.i.DiagnosticsManager] sun.io.unicode.encoding = UnicodeLittle
2019-11-13 08:40:38.970+0000 INFO [o.n.k.i.DiagnosticsManager] sun.cpu.endian = little
2019-11-13 08:40:38.970+0000 INFO [o.n.k.i.DiagnosticsManager] sun.desktop = windows
2019-11-13 08:40:38.970+0000 INFO [o.n.k.i.DiagnosticsManager] sun.cpu.isalist = amd64
2019-11-13 08:40:38.970+0000 INFO [o.n.k.i.DiagnosticsManager] Network information:
2019-11-13 08:40:39.084+0000 INFO [o.n.k.i.DiagnosticsManager] Interface Software Loopback Interface 1:
2019-11-13 08:40:39.085+0000 INFO [o.n.k.i.DiagnosticsManager]     address: 127.0.0.1
2019-11-13 08:40:39.085+0000 INFO [o.n.k.i.DiagnosticsManager]     address: 0:0:0:0:0:0:0:1
2019-11-13 08:40:39.085+0000 INFO [o.n.k.i.DiagnosticsManager] Interface WAN Miniport (SSTP):
2019-11-13 08:40:39.085+0000 INFO [o.n.k.i.DiagnosticsManager] Interface WAN Miniport (L2TP):
2019-11-13 08:40:39.085+0000 INFO [o.n.k.i.DiagnosticsManager] Interface WAN Miniport (PPTP):
2019-11-13 08:40:39.085+0000 INFO [o.n.k.i.DiagnosticsManager] Interface WAN Miniport (PPPOE):
2019-11-13 08:40:39.085+0000 INFO [o.n.k.i.DiagnosticsManager] Interface WAN Miniport (IPv6):
2019-11-13 08:40:39.085+0000 INFO [o.n.k.i.DiagnosticsManager] Interface WAN Miniport (Network Monitor):
2019-11-13 08:40:39.085+0000 INFO [o.n.k.i.DiagnosticsManager] Interface WAN Miniport (IP):
2019-11-13 08:40:39.085+0000 INFO [o.n.k.i.DiagnosticsManager] Interface RAS Async Adapter:
2019-11-13 08:40:39.085+0000 INFO [o.n.k.i.DiagnosticsManager] Interface WAN Miniport (IKEv2):
2019-11-13 08:40:39.085+0000 INFO [o.n.k.i.DiagnosticsManager] Interface Microsoft ISATAP Adapter:
2019-11-13 08:40:39.085+0000 INFO [o.n.k.i.DiagnosticsManager]     address: fe80:0:0:0:0:5efe:c0a8:1df%net4
2019-11-13 08:40:39.085+0000 INFO [o.n.k.i.DiagnosticsManager] Interface Teredo Tunneling Pseudo-Interface:
2019-11-13 08:40:39.086+0000 INFO [o.n.k.i.DiagnosticsManager]     address: fe80:0:0:0:0:100:7f:fffe%net5
2019-11-13 08:40:39.086+0000 INFO [o.n.k.i.DiagnosticsManager] Interface Microsoft 6to4 Adapter:
2019-11-13 08:40:39.086+0000 INFO [o.n.k.i.DiagnosticsManager] Interface Microsoft ISATAP Adapter #2:
2019-11-13 08:40:39.086+0000 INFO [o.n.k.i.DiagnosticsManager]     address: fe80:0:0:0:0:5efe:c0a8:16e%net7
2019-11-13 08:40:39.086+0000 INFO [o.n.k.i.DiagnosticsManager] Interface VMware Virtual Ethernet Adapter for VMnet1:
2019-11-13 08:40:39.086+0000 INFO [o.n.k.i.DiagnosticsManager]     address: 169.254.42.71
2019-11-13 08:40:39.086+0000 INFO [o.n.k.i.DiagnosticsManager]     address: fe80:0:0:0:e555:e143:58e6:2a47%eth3
2019-11-13 08:40:39.086+0000 INFO [o.n.k.i.DiagnosticsManager] Interface VMware Virtual Ethernet Adapter for VMnet8:
2019-11-13 08:40:39.086+0000 INFO [o.n.k.i.DiagnosticsManager]     address: 192.168.1.223
2019-11-13 08:40:39.086+0000 INFO [o.n.k.i.DiagnosticsManager]     address: fe80:0:0:0:6c21:49ae:b9bf:f6a0%eth4
2019-11-13 08:40:39.086+0000 INFO [o.n.k.i.DiagnosticsManager] Interface Microsoft ISATAP Adapter #3:
2019-11-13 08:40:39.086+0000 INFO [o.n.k.i.DiagnosticsManager]     address: fe80:0:0:0:0:5efe:a9fe:2a47%net8
2019-11-13 08:40:39.086+0000 INFO [o.n.k.i.DiagnosticsManager] Interface Microsoft ISATAP Adapter #4:
2019-11-13 08:40:39.086+0000 INFO [o.n.k.i.DiagnosticsManager] Interface Intel(R) Ethernet Connection (2) I219-V:
2019-11-13 08:40:39.086+0000 INFO [o.n.k.i.DiagnosticsManager]     address: 192.168.1.110
2019-11-13 08:40:39.086+0000 INFO [o.n.k.i.DiagnosticsManager]     address: fe80:0:0:0:207a:1036:5cea:9738%eth5
2019-11-13 08:40:39.086+0000 INFO [o.n.k.i.DiagnosticsManager] Interface Sangfor SSL VPN CS Support System VNIC:
2019-11-13 08:40:39.086+0000 INFO [o.n.k.i.DiagnosticsManager]     address: fe80:0:0:0:2586:49f8:8dab:f58e%eth6
2019-11-13 08:40:39.087+0000 INFO [o.n.k.i.DiagnosticsManager] Interface SSL VPN Client Virtual Network Adapter:
2019-11-13 08:40:39.087+0000 INFO [o.n.k.i.DiagnosticsManager]     address: fe80:0:0:0:7dc1:d5cd:726d:df6d%eth7
2019-11-13 08:40:39.087+0000 INFO [o.n.k.i.DiagnosticsManager] Interface Microsoft ISATAP Adapter #5:
2019-11-13 08:40:39.087+0000 INFO [o.n.k.i.DiagnosticsManager] Interface Intel(R) Ethernet Connection (2) I219-V-QoS Packet Scheduler-0000:
2019-11-13 08:40:39.087+0000 INFO [o.n.k.i.DiagnosticsManager] Interface Intel(R) Ethernet Connection (2) I219-V-WFP LightWeight Filter-0000:
2019-11-13 08:40:39.087+0000 INFO [o.n.k.i.DiagnosticsManager] Interface WAN Miniport (Network Monitor)-QoS Packet Scheduler-0000:
2019-11-13 08:40:39.087+0000 INFO [o.n.k.i.DiagnosticsManager] Interface WAN Miniport (IP)-QoS Packet Scheduler-0000:
2019-11-13 08:40:39.087+0000 INFO [o.n.k.i.DiagnosticsManager] Interface WAN Miniport (IPv6)-QoS Packet Scheduler-0000:
2019-11-13 08:40:39.087+0000 INFO [o.n.k.i.DiagnosticsManager] Interface Sangfor SSL VPN CS Support System VNIC-QoS Packet Scheduler-0000:
2019-11-13 08:40:39.087+0000 INFO [o.n.k.i.DiagnosticsManager] Interface Sangfor SSL VPN CS Support System VNIC-WFP LightWeight Filter-0000:
2019-11-13 08:40:39.087+0000 INFO [o.n.k.i.DiagnosticsManager] Interface SSL VPN Client Virtual Network Adapter-QoS Packet Scheduler-0000:
2019-11-13 08:40:39.087+0000 INFO [o.n.k.i.DiagnosticsManager] Interface SSL VPN Client Virtual Network Adapter-WFP LightWeight Filter-0000:
2019-11-13 08:40:39.087+0000 INFO [o.n.k.i.DiagnosticsManager] --- INITIALIZED diagnostics END ---
2019-11-13 08:40:39.187+0000 INFO [o.n.k.i.s.f.RecordFormatSelector] Selected format 'RecordFormat:StandardV3_2[v0.A.8]' for the new store
2019-11-13 08:40:43.344+0000 INFO [o.n.k.i.a.i.IndexingService] IndexingService.init: indexes not specifically mentioned above are null
2019-11-13 08:40:43.348+0000 INFO [o.n.k.i.i.l.NativeLabelScanStore] No scan store found, this might just be first use. Preparing to rebuild.
2019-11-13 08:40:43.579+0000 INFO [o.n.k.NeoStoreDataSource] Opened logical log [D:\Java\testgitJava\nomysqlback\autobackLast\.\neo4j\data\neostore.transaction.db.0] version=0, lastTxId=1 (clean)
2019-11-13 08:40:43.582+0000 INFO [o.n.k.NeoStoreDataSource] No commits found after last check point (which is at <no log position given>)
2019-11-13 08:40:43.593+0000 WARN [o.n.k.i.s.MetaDataStore] Missing counts store, rebuilding it.
2019-11-13 08:40:43.687+0000 WARN [o.n.k.i.s.MetaDataStore] Counts store rebuild completed.
2019-11-13 08:40:43.707+0000 INFO [o.n.k.i.a.i.IndexingService] IndexingService.start: indexes not specifically mentioned above are null
2019-11-13 08:40:43.708+0000 INFO [o.n.k.i.i.l.NativeLabelScanStore] Rebuilding scan store, this may take a while
2019-11-13 08:40:43.831+0000 INFO [o.n.k.i.i.l.NativeLabelScanStore] Scan store rebuilt (roughly 0 nodes)
2019-11-13 08:40:43.835+0000 INFO [o.n.k.i.DatabaseHealth] Database health set to OK
2019-11-13 08:40:44.293+0000 INFO [o.n.k.AvailabilityGuard] Fulfilling of requirement makes database available: Database available
2019-11-13 08:40:44.294+0000 INFO [o.n.k.i.f.GraphDatabaseFacadeFactory] Database is now ready
2019-11-13 08:40:44.295+0000 INFO [o.n.k.i.DiagnosticsManager] --- STARTED diagnostics for KernelDiagnostics:Versions START ---
2019-11-13 08:40:44.296+0000 INFO [o.n.k.i.DiagnosticsManager] Graph Database: community single StoreId{creationTime=1573634443076, randomId=-688740758189609172, storeVersion=15813456178476550, upgradeTime=1573634443076, upgradeId=1}
2019-11-13 08:40:44.296+0000 INFO [o.n.k.i.DiagnosticsManager] Kernel version: 3.3.4,a97930c567060dad961d7c06c8f225dcb15582f3
2019-11-13 08:40:44.296+0000 INFO [o.n.k.i.DiagnosticsManager] --- STARTED diagnostics for KernelDiagnostics:Versions END ---
2019-11-13 08:40:44.298+0000 INFO [o.n.k.i.DiagnosticsManager] --- STARTED diagnostics for NEO_STORE_VERSIONS START ---
2019-11-13 08:40:44.298+0000 INFO [o.n.k.i.DiagnosticsManager] Store versions:
2019-11-13 08:40:44.299+0000 INFO [o.n.k.i.DiagnosticsManager] Store versions:
2019-11-13 08:40:44.299+0000 INFO [o.n.k.i.DiagnosticsManager]   ArrayPropertyStore v0.A.8
2019-11-13 08:40:44.299+0000 INFO [o.n.k.i.DiagnosticsManager]   NodeStore v0.A.8
2019-11-13 08:40:44.299+0000 INFO [o.n.k.i.DiagnosticsManager]   StringPropertyStore v0.A.8
2019-11-13 08:40:44.299+0000 INFO [o.n.k.i.DiagnosticsManager]   PropertyIndexStore v0.A.8
2019-11-13 08:40:44.299+0000 INFO [o.n.k.i.DiagnosticsManager]   StringPropertyStore v0.A.8
2019-11-13 08:40:44.299+0000 INFO [o.n.k.i.DiagnosticsManager]   ArrayPropertyStore v0.A.8
2019-11-13 08:40:44.300+0000 INFO [o.n.k.i.DiagnosticsManager]   PropertyStore v0.A.8
2019-11-13 08:40:44.300+0000 INFO [o.n.k.i.DiagnosticsManager]   RelationshipStore v0.A.8
2019-11-13 08:40:44.300+0000 INFO [o.n.k.i.DiagnosticsManager]   StringPropertyStore v0.A.8
2019-11-13 08:40:44.300+0000 INFO [o.n.k.i.DiagnosticsManager]   RelationshipTypeStore v0.A.8
2019-11-13 08:40:44.300+0000 INFO [o.n.k.i.DiagnosticsManager]   StringPropertyStore v0.A.8
2019-11-13 08:40:44.300+0000 INFO [o.n.k.i.DiagnosticsManager]   LabelTokenStore v0.A.8
2019-11-13 08:40:44.300+0000 INFO [o.n.k.i.DiagnosticsManager]   SchemaStore v0.A.8
2019-11-13 08:40:44.301+0000 INFO [o.n.k.i.DiagnosticsManager]   RelationshipGroupStore v0.A.8
2019-11-13 08:40:44.301+0000 INFO [o.n.k.i.DiagnosticsManager]   NeoStore v0.A.8
2019-11-13 08:40:44.301+0000 INFO [o.n.k.i.DiagnosticsManager] --- STARTED diagnostics for NEO_STORE_VERSIONS END ---
2019-11-13 08:40:44.301+0000 INFO [o.n.k.i.DiagnosticsManager] --- STARTED diagnostics for NEO_STORE_ID_USAGE START ---
2019-11-13 08:40:44.301+0000 INFO [o.n.k.i.DiagnosticsManager] Id usage:
2019-11-13 08:40:44.301+0000 INFO [o.n.k.i.DiagnosticsManager] Id usage:
2019-11-13 08:40:44.302+0000 INFO [o.n.k.i.DiagnosticsManager]   ArrayPropertyStore: used=1 high=0
2019-11-13 08:40:44.302+0000 INFO [o.n.k.i.DiagnosticsManager]   NodeStore: used=0 high=-1
2019-11-13 08:40:44.302+0000 INFO [o.n.k.i.DiagnosticsManager]   StringPropertyStore: used=1 high=0
2019-11-13 08:40:44.302+0000 INFO [o.n.k.i.DiagnosticsManager]   PropertyIndexStore: used=0 high=-1
2019-11-13 08:40:44.302+0000 INFO [o.n.k.i.DiagnosticsManager]   StringPropertyStore: used=1 high=0
2019-11-13 08:40:44.302+0000 INFO [o.n.k.i.DiagnosticsManager]   ArrayPropertyStore: used=1 high=0
2019-11-13 08:40:44.303+0000 INFO [o.n.k.i.DiagnosticsManager]   PropertyStore: used=0 high=-1
2019-11-13 08:40:44.303+0000 INFO [o.n.k.i.DiagnosticsManager]   RelationshipStore: used=0 high=-1
2019-11-13 08:40:44.303+0000 INFO [o.n.k.i.DiagnosticsManager]   StringPropertyStore: used=1 high=0
2019-11-13 08:40:44.303+0000 INFO [o.n.k.i.DiagnosticsManager]   RelationshipTypeStore: used=0 high=-1
2019-11-13 08:40:44.303+0000 INFO [o.n.k.i.DiagnosticsManager]   StringPropertyStore: used=1 high=0
2019-11-13 08:40:44.303+0000 INFO [o.n.k.i.DiagnosticsManager]   LabelTokenStore: used=0 high=-1
2019-11-13 08:40:44.303+0000 INFO [o.n.k.i.DiagnosticsManager]   SchemaStore: used=1 high=0
2019-11-13 08:40:44.304+0000 INFO [o.n.k.i.DiagnosticsManager]   RelationshipGroupStore: used=1 high=0
2019-11-13 08:40:44.304+0000 INFO [o.n.k.i.DiagnosticsManager]   NeoStore: used=15 high=14
2019-11-13 08:40:44.304+0000 INFO [o.n.k.i.DiagnosticsManager] --- STARTED diagnostics for NEO_STORE_ID_USAGE END ---
2019-11-13 08:40:44.304+0000 INFO [o.n.k.i.DiagnosticsManager] --- STARTED diagnostics for NEO_STORE_RECORDS START ---
2019-11-13 08:40:44.304+0000 INFO [o.n.k.i.DiagnosticsManager] Neostore records:
2019-11-13 08:40:44.305+0000 INFO [o.n.k.i.DiagnosticsManager] TIME (Creation time): 1573634443076
2019-11-13 08:40:44.305+0000 INFO [o.n.k.i.DiagnosticsManager] RANDOM_NUMBER (Random number for store id): -688740758189609172
2019-11-13 08:40:44.306+0000 INFO [o.n.k.i.DiagnosticsManager] LOG_VERSION (Current log version): 0
2019-11-13 08:40:44.306+0000 INFO [o.n.k.i.DiagnosticsManager] LAST_TRANSACTION_ID (Last committed transaction): 1
2019-11-13 08:40:44.306+0000 INFO [o.n.k.i.DiagnosticsManager] STORE_VERSION (Store format version): 15813456178476550
2019-11-13 08:40:44.306+0000 INFO [o.n.k.i.DiagnosticsManager] FIRST_GRAPH_PROPERTY (First property record containing graph properties): -1
2019-11-13 08:40:44.306+0000 INFO [o.n.k.i.DiagnosticsManager] LAST_CONSTRAINT_TRANSACTION (Last committed transaction containing constraint changes): 0
2019-11-13 08:40:44.306+0000 INFO [o.n.k.i.DiagnosticsManager] UPGRADE_TRANSACTION_ID (Transaction id most recent upgrade was performed at): 1
2019-11-13 08:40:44.307+0000 INFO [o.n.k.i.DiagnosticsManager] UPGRADE_TIME (Time of last upgrade): 1573634443076
2019-11-13 08:40:44.307+0000 INFO [o.n.k.i.DiagnosticsManager] LAST_TRANSACTION_CHECKSUM (Checksum of last committed transaction): 0
2019-11-13 08:40:44.307+0000 INFO [o.n.k.i.DiagnosticsManager] UPGRADE_TRANSACTION_CHECKSUM (Checksum of transaction id the most recent upgrade was performed at): 0
2019-11-13 08:40:44.307+0000 INFO [o.n.k.i.DiagnosticsManager] LAST_CLOSED_TRANSACTION_LOG_VERSION (Log version where the last transaction commit entry has been written into): 0
2019-11-13 08:40:44.307+0000 INFO [o.n.k.i.DiagnosticsManager] LAST_CLOSED_TRANSACTION_LOG_BYTE_OFFSET (Byte offset in the log file where the last transaction commit entry has been written into): 16
2019-11-13 08:40:44.307+0000 INFO [o.n.k.i.DiagnosticsManager] LAST_TRANSACTION_COMMIT_TIMESTAMP (Commit time timestamp for last committed transaction): 0
2019-11-13 08:40:44.308+0000 INFO [o.n.k.i.DiagnosticsManager] UPGRADE_TRANSACTION_COMMIT_TIMESTAMP (Commit timestamp of transaction the most recent upgrade was performed at): 0
2019-11-13 08:40:44.308+0000 INFO [o.n.k.i.DiagnosticsManager] --- STARTED diagnostics for NEO_STORE_RECORDS END ---
2019-11-13 08:40:44.309+0000 INFO [o.n.k.i.DiagnosticsManager] --- STARTED diagnostics for TRANSACTION_RANGE START ---
2019-11-13 08:40:44.309+0000 INFO [o.n.k.i.DiagnosticsManager] Transaction log:
2019-11-13 08:40:44.310+0000 INFO [o.n.k.i.DiagnosticsManager] No transactions found in any log
2019-11-13 08:40:44.310+0000 INFO [o.n.k.i.DiagnosticsManager] --- STARTED diagnostics for TRANSACTION_RANGE END ---
2019-11-13 08:40:44.310+0000 INFO [o.n.k.i.DiagnosticsManager] --- STARTED diagnostics for KernelDiagnostics:StoreFiles START ---
2019-11-13 08:40:44.312+0000 INFO [o.n.k.i.DiagnosticsManager] Disk space on partition (Total / Free / Free %): 322126606336 / 206049349632 / 63
2019-11-13 08:40:44.312+0000 INFO [o.n.k.i.DiagnosticsManager] Storage files: (filename : modification date - size)
2019-11-13 08:40:44.313+0000 INFO [o.n.k.i.DiagnosticsManager]   index:
2019-11-13 08:40:44.314+0000 INFO [o.n.k.i.DiagnosticsManager]   - Total: 2019-11-13T16:40:43+0800 - 0.00 B
2019-11-13 08:40:44.314+0000 INFO [o.n.k.i.DiagnosticsManager]   logs:
2019-11-13 08:40:44.317+0000 INFO [o.n.k.i.DiagnosticsManager]     debug.log: 2019-11-13T16:40:38+0800 - 29.36 kB
2019-11-13 08:40:44.317+0000 INFO [o.n.k.i.DiagnosticsManager]   - Total: 2019-11-13T16:40:38+0800 - 29.36 kB
2019-11-13 08:40:44.317+0000 INFO [o.n.k.i.DiagnosticsManager]   neostore: 2019-11-13T16:40:43+0800 - 8.00 kB
2019-11-13 08:40:44.318+0000 INFO [o.n.k.i.DiagnosticsManager]   neostore.counts.db.a: 2019-11-13T16:40:43+0800 - 96.00 B
2019-11-13 08:40:44.318+0000 INFO [o.n.k.i.DiagnosticsManager]   neostore.id: 2019-11-13T16:40:43+0800 - 9.00 B
2019-11-13 08:40:44.318+0000 INFO [o.n.k.i.DiagnosticsManager]   neostore.labelscanstore.db: 2019-11-13T16:40:43+0800 - 40.00 kB
2019-11-13 08:40:44.319+0000 INFO [o.n.k.i.DiagnosticsManager]   neostore.labeltokenstore.db: 2019-11-13T16:40:41+0800 - 0.00 B
2019-11-13 08:40:44.319+0000 INFO [o.n.k.i.DiagnosticsManager]   neostore.labeltokenstore.db.id: 2019-11-13T16:40:42+0800 - 9.00 B
2019-11-13 08:40:44.320+0000 INFO [o.n.k.i.DiagnosticsManager]   neostore.labeltokenstore.db.names: 2019-11-13T16:40:41+0800 - 8.00 kB
2019-11-13 08:40:44.320+0000 INFO [o.n.k.i.DiagnosticsManager]   neostore.labeltokenstore.db.names.id: 2019-11-13T16:40:41+0800 - 9.00 B
2019-11-13 08:40:44.320+0000 INFO [o.n.k.i.DiagnosticsManager]   neostore.nodestore.db: 2019-11-13T16:40:39+0800 - 0.00 B
2019-11-13 08:40:44.321+0000 INFO [o.n.k.i.DiagnosticsManager]   neostore.nodestore.db.id: 2019-11-13T16:40:39+0800 - 9.00 B
2019-11-13 08:40:44.321+0000 INFO [o.n.k.i.DiagnosticsManager]   neostore.nodestore.db.labels: 2019-11-13T16:40:39+0800 - 8.00 kB
2019-11-13 08:40:44.321+0000 INFO [o.n.k.i.DiagnosticsManager]   neostore.nodestore.db.labels.id: 2019-11-13T16:40:39+0800 - 9.00 B
2019-11-13 08:40:44.322+0000 INFO [o.n.k.i.DiagnosticsManager]   neostore.propertystore.db: 2019-11-13T16:40:40+0800 - 0.00 B
2019-11-13 08:40:44.322+0000 INFO [o.n.k.i.DiagnosticsManager]   neostore.propertystore.db.arrays: 2019-11-13T16:40:40+0800 - 8.00 kB
2019-11-13 08:40:44.322+0000 INFO [o.n.k.i.DiagnosticsManager]   neostore.propertystore.db.arrays.id: 2019-11-13T16:40:40+0800 - 9.00 B
2019-11-13 08:40:44.322+0000 INFO [o.n.k.i.DiagnosticsManager]   neostore.propertystore.db.id: 2019-11-13T16:40:41+0800 - 9.00 B
2019-11-13 08:40:44.323+0000 INFO [o.n.k.i.DiagnosticsManager]   neostore.propertystore.db.index: 2019-11-13T16:40:39+0800 - 0.00 B
2019-11-13 08:40:44.323+0000 INFO [o.n.k.i.DiagnosticsManager]   neostore.propertystore.db.index.id: 2019-11-13T16:40:40+0800 - 9.00 B
2019-11-13 08:40:44.323+0000 INFO [o.n.k.i.DiagnosticsManager]   neostore.propertystore.db.index.keys: 2019-11-13T16:40:39+0800 - 8.00 kB
2019-11-13 08:40:44.324+0000 INFO [o.n.k.i.DiagnosticsManager]   neostore.propertystore.db.index.keys.id: 2019-11-13T16:40:39+0800 - 9.00 B
2019-11-13 08:40:44.324+0000 INFO [o.n.k.i.DiagnosticsManager]   neostore.propertystore.db.strings: 2019-11-13T16:40:40+0800 - 8.00 kB
2019-11-13 08:40:44.324+0000 INFO [o.n.k.i.DiagnosticsManager]   neostore.propertystore.db.strings.id: 2019-11-13T16:40:40+0800 - 9.00 B
2019-11-13 08:40:44.325+0000 INFO [o.n.k.i.DiagnosticsManager]   neostore.relationshipgroupstore.db: 2019-11-13T16:40:42+0800 - 8.00 kB
2019-11-13 08:40:44.325+0000 INFO [o.n.k.i.DiagnosticsManager]   neostore.relationshipgroupstore.db.id: 2019-11-13T16:40:42+0800 - 9.00 B
2019-11-13 08:40:44.325+0000 INFO [o.n.k.i.DiagnosticsManager]   neostore.relationshipstore.db: 2019-11-13T16:40:41+0800 - 0.00 B
2019-11-13 08:40:44.326+0000 INFO [o.n.k.i.DiagnosticsManager]   neostore.relationshipstore.db.id: 2019-11-13T16:40:41+0800 - 9.00 B
2019-11-13 08:40:44.326+0000 INFO [o.n.k.i.DiagnosticsManager]   neostore.relationshiptypestore.db: 2019-11-13T16:40:41+0800 - 0.00 B
2019-11-13 08:40:44.326+0000 INFO [o.n.k.i.DiagnosticsManager]   neostore.relationshiptypestore.db.id: 2019-11-13T16:40:41+0800 - 9.00 B
2019-11-13 08:40:44.327+0000 INFO [o.n.k.i.DiagnosticsManager]   neostore.relationshiptypestore.db.names: 2019-11-13T16:40:41+0800 - 8.00 kB
2019-11-13 08:40:44.327+0000 INFO [o.n.k.i.DiagnosticsManager]   neostore.relationshiptypestore.db.names.id: 2019-11-13T16:40:41+0800 - 9.00 B
2019-11-13 08:40:44.327+0000 INFO [o.n.k.i.DiagnosticsManager]   neostore.schemastore.db: 2019-11-13T16:40:42+0800 - 8.00 kB
2019-11-13 08:40:44.328+0000 INFO [o.n.k.i.DiagnosticsManager]   neostore.schemastore.db.id: 2019-11-13T16:40:42+0800 - 9.00 B
2019-11-13 08:40:44.328+0000 INFO [o.n.k.i.DiagnosticsManager]   neostore.transaction.db.0: 2019-11-13T16:40:43+0800 - 16.00 B
2019-11-13 08:40:44.328+0000 INFO [o.n.k.i.DiagnosticsManager]   store_lock: 2019-11-13T16:40:39+0800 - 0.00 B
2019-11-13 08:40:44.328+0000 INFO [o.n.k.i.DiagnosticsManager] Storage summary: 
2019-11-13 08:40:44.329+0000 INFO [o.n.k.i.DiagnosticsManager]   Total size of store: 141.60 kB
2019-11-13 08:40:44.329+0000 INFO [o.n.k.i.DiagnosticsManager]   Total size of mapped files: 112.00 kB
2019-11-13 08:40:44.329+0000 INFO [o.n.k.i.DiagnosticsManager] --- STARTED diagnostics for KernelDiagnostics:StoreFiles END ---
2019-11-13 08:58:23.946+0000 INFO [o.n.k.i.t.l.c.CheckPointerImpl] Check Pointing triggered by scheduler for time threshold [45]:  Starting check pointing...
2019-11-13 08:58:23.947+0000 INFO [o.n.k.i.t.l.c.CheckPointerImpl] Check Pointing triggered by scheduler for time threshold [45]:  Starting store flush...
2019-11-13 08:58:24.030+0000 INFO [o.n.k.i.s.c.CountsTracker] About to rotate counts store at transaction 45 to [D:\Java\testgitJava\nomysqlback\autobackLast\.\neo4j\data\neostore.counts.db.b], from [D:\Java\testgitJava\nomysqlback\autobackLast\.\neo4j\data\neostore.counts.db.a].
2019-11-13 08:58:24.037+0000 INFO [o.n.k.i.s.c.CountsTracker] Successfully rotated counts store at transaction 45 to [D:\Java\testgitJava\nomysqlback\autobackLast\.\neo4j\data\neostore.counts.db.b], from [D:\Java\testgitJava\nomysqlback\autobackLast\.\neo4j\data\neostore.counts.db.a].
2019-11-13 08:58:24.488+0000 INFO [o.n.k.i.t.l.c.CheckPointerImpl] Check Pointing triggered by scheduler for time threshold [45]:  Store flush completed
2019-11-13 08:58:24.489+0000 INFO [o.n.k.i.t.l.c.CheckPointerImpl] Check Pointing triggered by scheduler for time threshold [45]:  Starting appending check point entry into the tx log...
2019-11-13 08:58:24.522+0000 INFO [o.n.k.i.t.l.c.CheckPointerImpl] Check Pointing triggered by scheduler for time threshold [45]:  Appending check point entry into the tx log completed
2019-11-13 08:58:24.522+0000 INFO [o.n.k.i.t.l.c.CheckPointerImpl] Check Pointing triggered by scheduler for time threshold [45]:  Check pointing completed
2019-11-13 08:58:24.523+0000 INFO [o.n.k.i.t.l.p.LogPruningImpl] Log Rotation [0]:  Starting log pruning.
2019-11-13 08:58:24.524+0000 INFO [o.n.k.i.t.l.p.LogPruningImpl] Log Rotation [0]:  Log pruning complete.
